c:\assortrock\portfolio\dx11_portfolio\project\client\x64\debug\vc143.pdb
c:\assortrock\portfolio\dx11_portfolio\project\client\x64\debug\vc143.idb
c:\assortrock\portfolio\dx11_portfolio\project\client\x64\debug\treeui.obj
c:\assortrock\portfolio\dx11_portfolio\project\client\x64\debug\transformui.obj
c:\assortrock\portfolio\dx11_portfolio\project\client\x64\debug\light2dui.obj
c:\assortrock\portfolio\dx11_portfolio\project\client\x64\debug\inspector_init.obj
c:\assortrock\portfolio\dx11_portfolio\project\client\x64\debug\animationeditor.obj
c:\assortrock\portfolio\dx11_portfolio\project\client\x64\debug\ae_detail.obj
c:\assortrock\portfolio\dx11_portfolio\project\client\x64\debug\ae_spriteview.obj
c:\assortrock\portfolio\dx11_portfolio\project\client\x64\debug\scriptui.obj
c:\assortrock\portfolio\dx11_portfolio\project\client\x64\debug\se_detail.obj
c:\assortrock\portfolio\dx11_portfolio\project\client\x64\debug\paramui.obj
c:\assortrock\portfolio\dx11_portfolio\project\client\x64\debug\meshrenderui.obj
c:\assortrock\portfolio\dx11_portfolio\project\client\x64\debug\materialui.obj
c:\assortrock\portfolio\dx11_portfolio\project\client\x64\debug\listui.obj
c:\assortrock\portfolio\dx11_portfolio\project\client\x64\debug\inspector.obj
c:\assortrock\portfolio\dx11_portfolio\project\client\x64\debug\ceditormgr_editorui.obj
c:\assortrock\portfolio\dx11_portfolio\project\client\x64\debug\ae_sub.obj
c:\assortrock\portfolio\dx11_portfolio\project\client\x64\debug\ctestlevel.obj
c:\assortrock\portfolio\dx11_portfolio\project\client\x64\debug\client_d.pch
c:\assortrock\portfolio\dx11_portfolio\project\client\x64\debug\pch.obj
c:\assortrock\portfolio\dx11_portfolio\project\client\x64\debug\flipbookui.obj
c:\assortrock\portfolio\dx11_portfolio\project\client\x64\debug\flipbookcomui.obj
c:\assortrock\portfolio\dx11_portfolio\project\client\x64\debug\editorui.obj
c:\assortrock\portfolio\dx11_portfolio\project\client\x64\debug\content.obj
c:\assortrock\portfolio\dx11_portfolio\project\client\x64\debug\computeshaderui.obj
c:\assortrock\portfolio\dx11_portfolio\project\client\x64\debug\componentui.obj
c:\assortrock\portfolio\dx11_portfolio\project\client\x64\debug\collider2dui.obj
c:\assortrock\portfolio\dx11_portfolio\project\client\x64\debug\cameraui.obj
c:\assortrock\portfolio\dx11_portfolio\project\client\x64\debug\clevelsaveload.obj
c:\assortrock\portfolio\dx11_portfolio\project\client\x64\debug\cgameobjectex.obj
c:\assortrock\portfolio\dx11_portfolio\project\client\x64\debug\ceditormgr_editorobject.obj
c:\assortrock\portfolio\dx11_portfolio\project\client\x64\debug\ceditormgr.obj
c:\assortrock\portfolio\dx11_portfolio\project\client\x64\debug\ceditorcamerascript.obj
c:\assortrock\portfolio\dx11_portfolio\project\client\x64\debug\assetui.obj
c:\assortrock\portfolio\dx11_portfolio\project\client\x64\debug\particlesystemui.obj
c:\assortrock\portfolio\dx11_portfolio\project\client\x64\debug\outliner.obj
c:\assortrock\portfolio\dx11_portfolio\project\client\x64\debug\meshui.obj
c:\assortrock\portfolio\dx11_portfolio\project\client\x64\debug\meshdataui.obj
c:\assortrock\portfolio\dx11_portfolio\project\client\x64\debug\menuui.obj
c:\assortrock\portfolio\dx11_portfolio\project\client\x64\debug\imgui_widgets.obj
c:\assortrock\portfolio\dx11_portfolio\project\client\x64\debug\imgui_tables.obj
c:\assortrock\portfolio\dx11_portfolio\project\client\x64\debug\imgui_impl_win32.obj
c:\assortrock\portfolio\dx11_portfolio\project\client\x64\debug\imgui_impl_dx11.obj
c:\assortrock\portfolio\dx11_portfolio\project\client\x64\debug\imgui_draw.obj
c:\assortrock\portfolio\dx11_portfolio\project\client\x64\debug\imgui_demo.obj
c:\assortrock\portfolio\dx11_portfolio\project\client\x64\debug\imgui.obj
c:\assortrock\portfolio\dx11_portfolio\project\client\x64\debug\graphicshaderui.obj
c:\assortrock\portfolio\dx11_portfolio\project\client\x64\debug\main.obj
c:\assortrock\portfolio\dx11_portfolio\project\client\x64\debug\tilemapui.obj
c:\assortrock\portfolio\dx11_portfolio\project\client\x64\debug\textureui.obj
c:\assortrock\portfolio\dx11_portfolio\project\client\x64\debug\spriteui.obj
c:\assortrock\portfolio\dx11_portfolio\project\client\x64\debug\spriteeditor.obj
c:\assortrock\portfolio\dx11_portfolio\project\client\x64\debug\soundui.obj
c:\assortrock\portfolio\dx11_portfolio\project\client\x64\debug\se_sub.obj
c:\assortrock\portfolio\dx11_portfolio\project\client\x64\debug\se_atlasview.obj
c:\assortrock\portfolio\dx11_portfolio\project\client\x64\debug\prefabui.obj
c:\assortrock\portfolio\dx11_portfolio\outputfile\bin\client_d.exe
c:\assortrock\portfolio\dx11_portfolio\outputfile\bin\client_d.pdb
c:\assortrock\portfolio\dx11_portfolio\project\client\x64\debug\client.res
c:\assortrock\portfolio\dx11_portfolio\project\client\x64\debug\client_d.ilk
c:\assortrock\portfolio\dx11_portfolio\project\client\x64\debug\client.tlog\cl.command.1.tlog
c:\assortrock\portfolio\dx11_portfolio\project\client\x64\debug\client.tlog\cl.items.tlog
c:\assortrock\portfolio\dx11_portfolio\project\client\x64\debug\client.tlog\cl.read.1.tlog
c:\assortrock\portfolio\dx11_portfolio\project\client\x64\debug\client.tlog\cl.write.1.tlog
c:\assortrock\portfolio\dx11_portfolio\project\client\x64\debug\client.tlog\link.command.1.tlog
c:\assortrock\portfolio\dx11_portfolio\project\client\x64\debug\client.tlog\link.read.1.tlog
c:\assortrock\portfolio\dx11_portfolio\project\client\x64\debug\client.tlog\link.secondary.1.tlog
c:\assortrock\portfolio\dx11_portfolio\project\client\x64\debug\client.tlog\link.write.1.tlog
c:\assortrock\portfolio\dx11_portfolio\project\client\x64\debug\client.tlog\rc.command.1.tlog
c:\assortrock\portfolio\dx11_portfolio\project\client\x64\debug\client.tlog\rc.read.1.tlog
c:\assortrock\portfolio\dx11_portfolio\project\client\x64\debug\client.tlog\rc.write.1.tlog
