c:\assortrock\portfolio\dx11_portfolio\project\engine\x64\debug\engine_d.pch
c:\assortrock\portfolio\dx11_portfolio\external\library\engine\engine_d.pdb
c:\assortrock\portfolio\dx11_portfolio\external\library\engine\engine_d.idb
c:\assortrock\portfolio\dx11_portfolio\project\engine\x64\debug\pch.obj
c:\assortrock\portfolio\dx11_portfolio\project\engine\x64\debug\clevel.obj
c:\assortrock\portfolio\dx11_portfolio\project\engine\x64\debug\clayer.obj
c:\assortrock\portfolio\dx11_portfolio\project\engine\x64\debug\ckeymgr.obj
c:\assortrock\portfolio\dx11_portfolio\project\engine\x64\debug\cgraphicshader.obj
c:\assortrock\portfolio\dx11_portfolio\project\engine\x64\debug\cgameobject.obj
c:\assortrock\portfolio\dx11_portfolio\project\engine\x64\debug\cfontmgr.obj
c:\assortrock\portfolio\dx11_portfolio\project\engine\x64\debug\cflipbookcomponent.obj
c:\assortrock\portfolio\dx11_portfolio\project\engine\x64\debug\cflipbook.obj
c:\assortrock\portfolio\dx11_portfolio\project\engine\x64\debug\centity.obj
c:\assortrock\portfolio\dx11_portfolio\project\engine\x64\debug\cengine.obj
c:\assortrock\portfolio\dx11_portfolio\project\engine\x64\debug\cdevice.obj
c:\assortrock\portfolio\dx11_portfolio\project\engine\x64\debug\cconstbuffer.obj
c:\assortrock\portfolio\dx11_portfolio\project\engine\x64\debug\ccomputeshader.obj
c:\assortrock\portfolio\dx11_portfolio\project\engine\x64\debug\ccomponent.obj
c:\assortrock\portfolio\dx11_portfolio\project\engine\x64\debug\ccollisionmgr.obj
c:\assortrock\portfolio\dx11_portfolio\project\engine\x64\debug\ccollider2d.obj
c:\assortrock\portfolio\dx11_portfolio\project\engine\x64\debug\ccamera.obj
c:\assortrock\portfolio\dx11_portfolio\project\engine\x64\debug\cassetmgr.obj
c:\assortrock\portfolio\dx11_portfolio\project\engine\x64\debug\cassetinit.obj
c:\assortrock\portfolio\dx11_portfolio\project\engine\x64\debug\casset.obj
c:\assortrock\portfolio\dx11_portfolio\project\engine\x64\debug\ctexture.obj
c:\assortrock\portfolio\dx11_portfolio\project\engine\x64\debug\ctaskmgr.obj
c:\assortrock\portfolio\dx11_portfolio\project\engine\x64\debug\cstructuredbuffer.obj
c:\assortrock\portfolio\dx11_portfolio\project\engine\x64\debug\csprite.obj
c:\assortrock\portfolio\dx11_portfolio\project\engine\x64\debug\csound.obj
c:\assortrock\portfolio\dx11_portfolio\project\engine\x64\debug\cshader.obj
c:\assortrock\portfolio\dx11_portfolio\project\engine\x64\debug\csetcolorcs.obj
c:\assortrock\portfolio\dx11_portfolio\project\engine\x64\debug\cscript.obj
c:\assortrock\portfolio\dx11_portfolio\project\engine\x64\debug\crigidbody.obj
c:\assortrock\portfolio\dx11_portfolio\project\engine\x64\debug\crendermgr.obj
c:\assortrock\portfolio\dx11_portfolio\project\engine\x64\debug\crendercomponent.obj
c:\assortrock\portfolio\dx11_portfolio\project\engine\x64\debug\cprefab.obj
c:\assortrock\portfolio\dx11_portfolio\project\engine\x64\debug\cpathmgr.obj
c:\assortrock\portfolio\dx11_portfolio\project\engine\x64\debug\cparticletickcs.obj
c:\assortrock\portfolio\dx11_portfolio\project\engine\x64\debug\cparticlesystem.obj
c:\assortrock\portfolio\dx11_portfolio\project\engine\x64\debug\cmeshrender.obj
c:\assortrock\portfolio\dx11_portfolio\project\engine\x64\debug\cmesh.obj
c:\assortrock\portfolio\dx11_portfolio\project\engine\x64\debug\cmaterial.obj
c:\assortrock\portfolio\dx11_portfolio\project\engine\x64\debug\clight2d.obj
c:\assortrock\portfolio\dx11_portfolio\project\engine\x64\debug\clevelmgr.obj
c:\assortrock\portfolio\dx11_portfolio\project\engine\x64\debug\func.obj
c:\assortrock\portfolio\dx11_portfolio\project\engine\x64\debug\extern.obj
c:\assortrock\portfolio\dx11_portfolio\project\engine\x64\debug\engine.obj
c:\assortrock\portfolio\dx11_portfolio\project\engine\x64\debug\ctransform.obj
c:\assortrock\portfolio\dx11_portfolio\project\engine\x64\debug\ctimemgr.obj
c:\assortrock\portfolio\dx11_portfolio\project\engine\x64\debug\ctilemap.obj
c:\assortrock\lecture\assort51\directx\external\library\engine\particle.cso
c:\assortrock\lecture\assort51\directx\external\library\engine\particletick.cso
c:\assortrock\lecture\assort51\directx\external\library\engine\setcolor.cso
c:\assortrock\lecture\assort51\directx\external\library\engine\debug.cso
c:\assortrock\lecture\assort51\directx\external\library\engine\func.cso
c:\assortrock\lecture\assort51\directx\external\library\engine\postprocess.cso
c:\assortrock\lecture\assort51\directx\external\library\engine\std2d.cso
c:\assortrock\lecture\assort51\directx\external\library\engine\struct.cso
c:\assortrock\lecture\assort51\directx\external\library\engine\tilemap.cso
c:\assortrock\lecture\assort51\directx\external\library\engine\value.cso
c:\assortrock\portfolio\dx11_portfolio\external\library\engine\particle.cso
c:\assortrock\portfolio\dx11_portfolio\external\library\engine\particletick.cso
c:\assortrock\portfolio\dx11_portfolio\external\library\engine\setcolor.cso
c:\assortrock\portfolio\dx11_portfolio\external\library\engine\debug.cso
c:\assortrock\portfolio\dx11_portfolio\external\library\engine\func.cso
c:\assortrock\portfolio\dx11_portfolio\external\library\engine\postprocess.cso
c:\assortrock\portfolio\dx11_portfolio\external\library\engine\std2d.cso
c:\assortrock\portfolio\dx11_portfolio\external\library\engine\struct.cso
c:\assortrock\portfolio\dx11_portfolio\external\library\engine\tilemap.cso
c:\assortrock\portfolio\dx11_portfolio\external\library\engine\value.cso
c:\assortrock\portfolio\dx11_portfolio\external\library\engine\engine_d.lib
c:\assortrock\portfolio\dx11_portfolio\project\engine\x64\debug\engine.tlog\cl.command.1.tlog
c:\assortrock\portfolio\dx11_portfolio\project\engine\x64\debug\engine.tlog\cl.items.tlog
c:\assortrock\portfolio\dx11_portfolio\project\engine\x64\debug\engine.tlog\cl.read.1.tlog
c:\assortrock\portfolio\dx11_portfolio\project\engine\x64\debug\engine.tlog\cl.write.1.tlog
c:\assortrock\portfolio\dx11_portfolio\project\engine\x64\debug\engine.tlog\fxc.command.1.tlog
c:\assortrock\portfolio\dx11_portfolio\project\engine\x64\debug\engine.tlog\fxc.read.1.tlog
c:\assortrock\portfolio\dx11_portfolio\project\engine\x64\debug\engine.tlog\fxc.write.1.tlog
c:\assortrock\portfolio\dx11_portfolio\project\engine\x64\debug\engine.tlog\lib-link.read.1.tlog
c:\assortrock\portfolio\dx11_portfolio\project\engine\x64\debug\engine.tlog\lib-link.write.1.tlog
c:\assortrock\portfolio\dx11_portfolio\project\engine\x64\debug\engine.tlog\lib.command.1.tlog
