c:\assortrock\portfolio\dx11_portfolio\project\scripts\x64\debug\scripts_d.pch
c:\assortrock\portfolio\dx11_portfolio\external\library\scripts\scripts_d.pdb
c:\assortrock\portfolio\dx11_portfolio\external\library\scripts\scripts_d.idb
c:\assortrock\portfolio\dx11_portfolio\project\scripts\x64\debug\pch.obj
c:\assortrock\portfolio\dx11_portfolio\project\scripts\x64\debug\cplayerscript.obj
c:\assortrock\portfolio\dx11_portfolio\project\scripts\x64\debug\cplayerinteractionscript.obj
c:\assortrock\portfolio\dx11_portfolio\project\scripts\x64\debug\cplayercamerascript.obj
c:\assortrock\portfolio\dx11_portfolio\project\scripts\x64\debug\cogudancepointlightscript.obj
c:\assortrock\portfolio\dx11_portfolio\project\scripts\x64\debug\cnpcscript.obj
c:\assortrock\portfolio\dx11_portfolio\project\scripts\x64\debug\cmissilescript.obj
c:\assortrock\portfolio\dx11_portfolio\project\scripts\x64\debug\cliftscript.obj
c:\assortrock\portfolio\dx11_portfolio\project\scripts\x64\debug\cjellypushscript.obj
c:\assortrock\portfolio\dx11_portfolio\project\scripts\x64\debug\cjellypushframescript.obj
c:\assortrock\portfolio\dx11_portfolio\project\scripts\x64\debug\cjellybombscript.obj
c:\assortrock\portfolio\dx11_portfolio\project\scripts\x64\debug\cjellybombdetectscript.obj
c:\assortrock\portfolio\dx11_portfolio\project\scripts\x64\debug\cinteractionscript.obj
c:\assortrock\portfolio\dx11_portfolio\project\scripts\x64\debug\chpscript.obj
c:\assortrock\portfolio\dx11_portfolio\project\scripts\x64\debug\cgrassscript.obj
c:\assortrock\portfolio\dx11_portfolio\project\scripts\x64\debug\cglowingplantsscript.obj
c:\assortrock\portfolio\dx11_portfolio\project\scripts\x64\debug\cflowerlightscript.obj
c:\assortrock\portfolio\dx11_portfolio\project\scripts\x64\debug\ccountdowndeletescript.obj
c:\assortrock\portfolio\dx11_portfolio\project\scripts\x64\debug\ccameraplayertrackingscript.obj
c:\assortrock\portfolio\dx11_portfolio\project\scripts\x64\debug\ccameramovescript.obj
c:\assortrock\portfolio\dx11_portfolio\project\scripts\x64\debug\cbugnpcscript.obj
c:\assortrock\portfolio\dx11_portfolio\project\scripts\x64\debug\scripts.obj
c:\assortrock\portfolio\dx11_portfolio\project\scripts\x64\debug\cuiscript.obj
c:\assortrock\portfolio\dx11_portfolio\project\scripts\x64\debug\ctextboxscript.obj
c:\assortrock\portfolio\dx11_portfolio\project\scripts\x64\debug\cswingobjscript.obj
c:\assortrock\portfolio\dx11_portfolio\project\scripts\x64\debug\cstonebreakablescript.obj
c:\assortrock\portfolio\dx11_portfolio\project\scripts\x64\debug\cscriptmgr.obj
c:\assortrock\portfolio\dx11_portfolio\project\scripts\x64\debug\cpushscript.obj
c:\assortrock\portfolio\dx11_portfolio\external\library\scripts\scripts_d.lib
c:\assortrock\portfolio\dx11_portfolio\project\scripts\x64\debug\scripts.tlog\cl.command.1.tlog
c:\assortrock\portfolio\dx11_portfolio\project\scripts\x64\debug\scripts.tlog\cl.items.tlog
c:\assortrock\portfolio\dx11_portfolio\project\scripts\x64\debug\scripts.tlog\cl.read.1.tlog
c:\assortrock\portfolio\dx11_portfolio\project\scripts\x64\debug\scripts.tlog\cl.write.1.tlog
c:\assortrock\portfolio\dx11_portfolio\project\scripts\x64\debug\scripts.tlog\lib-link.read.1.tlog
c:\assortrock\portfolio\dx11_portfolio\project\scripts\x64\debug\scripts.tlog\lib-link.write.1.tlog
c:\assortrock\portfolio\dx11_portfolio\project\scripts\x64\debug\scripts.tlog\lib.command.1.tlog
