  .\Project\Scripts\CAniFinishDestroyScript.h
  .\Project\Scripts\CBossHPScript.h
  .\Project\Scripts\CBossInScript.h
  .\Project\Scripts\CBugBallScript.h
  .\Project\Scripts\CBugBossScript.h
  .\Project\Scripts\CBugNPCScript.h
  .\Project\Scripts\CBugRollingScript.h
  .\Project\Scripts\CCactusNeedleScript.h
  .\Project\Scripts\CCameraMoveScript.h
  .\Project\Scripts\CCameraPlayerTrackingScript.h
  .\Project\Scripts\CColorBugScript.h
  .\Project\Scripts\CCountDownDeleteScript.h
  .\Project\Scripts\CDoorOpenScript.h
  .\Project\Scripts\CFlowerLightAreaScript.h
  .\Project\Scripts\CFlowerLightScript.h
  .\Project\Scripts\CGlowingPlantsScript.h
  .\Project\Scripts\CGrassScript.h
  .\Project\Scripts\CHPScript.h
  .\Project\Scripts\CInteractionScript.h
  .\Project\Scripts\CJellyBombDetectScript.h
  .\Project\Scripts\CJellyBombScript.h
  .\Project\Scripts\CJellyPushFrameScript.h
  .\Project\Scripts\CJellyPushScript.h
  .\Project\Scripts\CLevelChangeScript.h
  .\Project\Scripts\CLiftScript.h
  .\Project\Scripts\CLightBallScript.h
  .\Project\Scripts\CMissileScript.h
  .\Project\Scripts\CMonsterScript.h
  .\Project\Scripts\CNPCScript.h
  .\Project\Scripts\COguDancePointLightScript.h
  .\Project\Scripts\CPlayerCameraScript.h
  .\Project\Scripts\CPlayerDetectScript.h
  .\Project\Scripts\CPlayerHPScript.h
  .\Project\Scripts\CPlayerInteractionScript.h
  .\Project\Scripts\CPlayerScript.h
  .\Project\Scripts\CPushScript.h
  .\Project\Scripts\CScriptMgr.h
  .\Project\Scripts\CSpitCactusScript.h
  .\Project\Scripts\CStoneBreakableScript.h
  .\Project\Scripts\CSwingObjScript.h
  .\Project\Scripts\CSymbolScript.h
  .\Project\Scripts\CTestLevelSoundScript.h
  .\Project\Scripts\CTextBoxScript.h
  .\Project\Scripts\CUIScript.h
  44개 파일이 복사되었습니다.
  CBugNPCScript.cpp
  Scripts.vcxproj -> C:\AssortRock\Portfolio\DX11_Portfolio\External\Library\Scripts\Scripts_D.lib
